\BOOKMARK [0][-]{chapter.1}{\376\377\000I\000n\000t\000r\000o\000d\000u\000c\000t\000i\000o\000n}{}% 1
\BOOKMARK [1][-]{section.1.1}{\376\377\000D\000e\000m\000a\000n\000d\000e\000\040\000d\000e\000\040\000s\000t\000a\000g\000e}{chapter.1}% 2
\BOOKMARK [1][-]{section.1.2}{\376\377\000O\000b\000j\000e\000c\000t\000i\000f\000s\000\040\000d\000o\000n\000n\000\351\000s\000\040\000p\000a\000r\000\040\000l\000'\000I\000S\000E\000N}{chapter.1}% 3
\BOOKMARK [1][-]{section.1.3}{\376\377\000O\000b\000j\000e\000c\000t\000i\000f\000s\000\040\000p\000e\000r\000s\000o\000n\000n\000e\000l\000s}{chapter.1}% 4
\BOOKMARK [1][-]{section.1.4}{\376\377\000P\000l\000a\000n\000\040\000d\000u\000\040\000r\000a\000p\000p\000o\000r\000t}{chapter.1}% 5
\BOOKMARK [0][-]{chapter.2}{\376\377\000D\000e\000s\000c\000r\000i\000p\000t\000i\000o\000n}{}% 6
\BOOKMARK [1][-]{section.2.1}{\376\377\000S\000t\000r\000u\000c\000t\000u\000r\000e\000\040\000d\000'\000a\000c\000c\000u\000e\000i\000l}{chapter.2}% 7
\BOOKMARK [2][-]{subsection.2.1.1}{\376\377\000U\000n\000\040\000p\000e\000u\000\040\000d\000'\000h\000i\000s\000t\000o\000i\000r\000e}{section.2.1}% 8
\BOOKMARK [2][-]{subsection.2.1.2}{\376\377\000I\000n\000f\000r\000a\000s\000t\000r\000u\000c\000t\000u\000r\000e\000s\000\040\000a\000c\000t\000u\000e\000l\000l\000e\000s}{section.2.1}% 9
\BOOKMARK [2][-]{subsection.2.1.3}{\376\377\000I\000n\000f\000r\000a\000s\000t\000r\000u\000c\000t\000u\000r\000e\000s\000\040\000f\000u\000t\000u\000r\000e\000s}{section.2.1}% 10
\BOOKMARK [2][-]{subsection.2.1.4}{\376\377\000O\000u\000v\000e\000r\000t\000u\000r\000e\000\040\000s\000u\000r\000\040\000l\000e\000\040\000m\000o\000n\000d\000e}{section.2.1}% 11
\BOOKMARK [1][-]{section.2.2}{\376\377\000P\000e\000r\000s\000o\000n\000n\000e\000s\000\040\000i\000m\000p\000l\000i\000q\000u\000\351\000e\000s}{chapter.2}% 12
\BOOKMARK [1][-]{section.2.3}{\376\377\000M\000i\000s\000s\000i\000o\000n\000s\000\040\000e\000t\000\040\000t\000\342\000c\000h\000e\000s\000\040\000r\000\351\000a\000l\000i\000s\000\351\000e\000s}{chapter.2}% 13
\BOOKMARK [1][-]{section.2.4}{\376\377\000D\000\351\000m\000a\000r\000c\000h\000e\000\040\000R\000e\000s\000p\000o\000n\000s\000a\000b\000i\000l\000i\000t\000\351\000\040\000S\000o\000c\000i\000a\000l\000e\000\040\000\050\000o\000u\000\040\000S\000o\000c\000i\000\351\000t\000a\000l\000e\000\051\000\040\000d\000e\000\040\000l\040\031\000E\000n\000t\000r\000e\000p\000r\000i\000s\000e}{chapter.2}% 14
\BOOKMARK [2][-]{subsection.2.4.1}{\376\377\000R\000i\000v\000e\000r\000a\000i\000n\000s}{section.2.4}% 15
\BOOKMARK [2][-]{subsection.2.4.2}{\376\377\000E\000n\000v\000i\000r\000o\000n\000n\000e\000m\000e\000n\000t}{section.2.4}% 16
\BOOKMARK [0][-]{chapter.3}{\376\377\000A\000n\000a\000l\000y\000s\000e}{}% 17
\BOOKMARK [1][-]{section.3.1}{\376\377\000C\000o\000m\000p\000\351\000t\000e\000n\000c\000e\000s\000\040\000t\000e\000c\000h\000n\000i\000q\000u\000e\000s}{chapter.3}% 18
\BOOKMARK [1][-]{section.3.2}{\376\377\000A\000n\000a\000l\000y\000s\000e\000\040\000d\000e\000\040\000l\000'\000e\000x\000p\000\351\000r\000i\000e\000n\000c\000e}{chapter.3}% 19
\BOOKMARK [1][-]{section.3.3}{\376\377\000C\000o\000m\000p\000\351\000t\000e\000n\000c\000e\000s\000\040\000r\000e\000l\000a\000t\000i\000o\000n\000n\000e\000l\000l\000e\000s}{chapter.3}% 20
\BOOKMARK [1][-]{section.3.4}{\376\377\000D\000i\000f\000f\000i\000c\000u\000l\000t\000\351\000s\000\040\000r\000e\000n\000c\000o\000n\000t\000r\000\351\000e\000s}{chapter.3}% 21
\BOOKMARK [1][-]{section.3.5}{\376\377\000S\000u\000c\000c\000\350\000s\000\040\000e\000t\000\040\000r\000\351\000u\000s\000s\000i\000t\000e\000s\000\040\000:\000\040\000s\000a\000t\000i\000s\000f\000a\000c\000t\000i\000o\000n}{chapter.3}% 22
\BOOKMARK [1][-]{section.3.6}{\376\377\000D\000i\000f\000f\000\351\000r\000e\000n\000c\000e\000s\000\040\000e\000n\000t\000r\000e\000\040\000l\000e\000s\000\040\000a\000t\000t\000e\000n\000t\000e\000s\000\040\000e\000t\000\040\000l\000a\000\040\000r\000\351\000a\000l\000i\000t\000\351}{chapter.3}% 23
\BOOKMARK [1][-]{section.3.7}{\376\377\000C\000a\000r\000a\000c\000t\000\350\000r\000e\000s\000\040\000e\000t\000\040\000t\000r\000a\000i\000t\000s\000\040\000d\000e\000\040\000p\000e\000r\000s\000o\000n\000n\000a\000l\000i\000t\000\351\000\040\000r\000e\000q\000u\000i\000s\000\040\000d\000a\000n\000s\000\040\000l\000'\000e\000n\000t\000r\000e\000p\000r\000i\000s\000e}{chapter.3}% 24
\BOOKMARK [1][-]{section.3.8}{\376\377\000A\000p\000p\000l\000i\000c\000a\000t\000i\000o\000n\000\040\000d\000e\000\040\000l\000a\000\040\000p\000o\000l\000i\000t\000i\000q\000u\000e\000\040\000R\000S\000E}{chapter.3}% 25
\BOOKMARK [0][-]{chapter.4}{\376\377\000C\000o\000n\000c\000l\000u\000s\000i\000o\000n}{}% 26
\BOOKMARK [0][-]{chapter.5}{\376\377\000A\000n\000n\000e\000x\000e\000s}{}% 27
